[2025-06-03 06:15:12.516 PM] error: - GET /metrics 403 - 8.336 ms - message: -
[2025-06-03 06:15:12.560 PM] info: - GET /favicon.ico 204 - 0.993 ms
[2025-06-03 06:15:14.477 PM] error: - GET /metrics 403 - 0.534 ms - message: -
[2025-06-03 06:15:14.506 PM] info: - GET /favicon.ico 204 - 0.675 ms
[2025-06-03 06:17:28.806 PM] error: - GET /metrics 403 - 1.324 ms - message: -
[2025-06-03 06:17:28.841 PM] info: - GET /favicon.ico 204 - 0.606 ms
[2025-06-03 06:20:50.544 PM] error: - GET /metrics 403 - 1.142 ms - message: -
[2025-06-03 06:20:50.582 PM] info: - GET /favicon.ico 204 - 0.545 ms
[2025-06-03 06:20:55.421 PM] error: - GET /metrics 403 - 0.373 ms - message: -
[2025-06-03 06:20:55.438 PM] info: - GET /favicon.ico 204 - 0.354 ms
[2025-06-03 06:47:07.383 PM] info: - GET / 200 - 17.913 ms
[2025-06-03 06:47:07.412 PM] info: - GET /favicon.ico 204 - 0.599 ms
[2025-06-03 06:47:49.821 PM] info: - GET / 200 - 2.262 ms
[2025-06-03 06:47:51.633 PM] info: - GET /favicon.ico 204 - 0.340 ms
[2025-06-03 06:47:58.984 PM] error: - GET /metrics 403 - 0.508 ms - message: -
[2025-06-03 06:47:59.189 PM] error: - GET /metrics 403 - 0.180 ms - message: -
[2025-06-03 06:47:59.208 PM] info: - GET /favicon.ico 204 - 0.556 ms
[2025-06-03 06:48:02.660 PM] error: - GET /metrics 403 - 0.233 ms - message: -
[2025-06-03 06:48:02.676 PM] info: - GET /favicon.ico 204 - 0.288 ms
[2025-06-03 06:49:36.771 PM] info: - GET / 304 - 13.188 ms
[2025-06-03 06:49:36.786 PM] info: - GET /favicon.ico 204 - 0.673 ms
[2025-06-03 06:55:33.638 PM] info: Express application setup complete
[2025-06-03 06:55:40.351 PM] error: - GET /metrics 403 - 1.037 ms - message: -
[2025-06-03 06:55:40.366 PM] info: - GET /favicon.ico 204 - 0.466 ms
[2025-06-03 06:55:49.924 PM] info: - GET / 304 - 18.584 ms
[2025-06-03 06:55:49.942 PM] info: - GET /favicon.ico 204 - 0.428 ms
[2025-06-03 06:58:04.956 PM] info: Express application setup complete
[2025-06-03 06:58:34.657 PM] info: - GET / 304 - 15.694 ms
[2025-06-03 06:58:34.731 PM] info: - GET /favicon.ico 204 - 0.970 ms
[2025-06-03 06:58:41.578 PM] info: - GET / 200 - 1.600 ms
[2025-06-03 06:58:41.591 PM] info: - GET /favicon.ico 204 - 0.276 ms
[2025-06-03 06:58:49.564 PM] error: - GET /metrics 403 - 0.663 ms - message: -
[2025-06-03 06:58:51.880 PM] info: - GET / 304 - 0.862 ms
[2025-06-03 06:58:51.896 PM] info: - GET /favicon.ico 204 - 0.336 ms
[2025-06-03 06:58:54.643 PM] info: - GET / 304 - 1.648 ms
[2025-06-03 06:58:54.666 PM] info: - GET /favicon.ico 204 - 0.428 ms
[2025-06-03 07:01:50.268 PM] info: 🔧 Logger test: this should appear in the Docker logs
[2025-06-03 07:01:50.274 PM] info: Express application setup complete
[2025-06-03 07:10:18.722 PM] info: 🔧 Starting Express To-Do App
[2025-06-03 07:10:18.726 PM] warn: 🔍 Memory usage at startup {"usage":{"rss":133582848,"heapTotal":78041088,"heapUsed":49958808,"external":21745145,"arrayBuffers":19027648}}
[2025-06-03 07:10:18.729 PM] info: 🚀 Express application setup complete
[2025-06-03 07:18:22.900 PM] info: - GET / 200 - 18.869 ms
[2025-06-03 07:18:22.916 PM] info: - GET /favicon.ico 204 - 0.747 ms
[2025-06-03 07:18:24.409 PM] info: - GET / 200 - 1.540 ms
[2025-06-03 07:18:24.422 PM] info: - GET /favicon.ico 204 - 0.261 ms
[2025-06-03 07:19:28.192 PM] info: 🔧 Starting Express To-Do App
[2025-06-03 07:19:28.195 PM] warn: 🔍 Memory usage at startup {"usage":{"rss":131727360,"heapTotal":76730368,"heapUsed":49845248,"external":21280489,"arrayBuffers":18562992}}
[2025-06-03 07:19:28.198 PM] info:  Express application setup complete
[2025-06-03 07:19:35.925 PM] info: - GET / 200 - 12.798 ms
[2025-06-03 07:19:35.940 PM] info: - GET /favicon.ico 204 - 0.658 ms
[2025-06-03 07:20:16.099 PM] error: ApiError: Not found
    at notFoundHandler (/app/node_modules/express-boilerplate/app.js:36:8)
    at patched (/app/node_modules/@opentelemetry/instrumentation-express/build/src/instrumentation.js:210:37)
    at Layer.handle [as handle_request] (/app/node_modules/express-boilerplate/node_modules/express/lib/router/layer.js:95:5)
    at trim_prefix (/app/node_modules/express-boilerplate/node_modules/express/lib/router/index.js:328:13)
    at /app/node_modules/express-boilerplate/node_modules/express/lib/router/index.js:286:9
    at Function.process_params (/app/node_modules/express-boilerplate/node_modules/express/lib/router/index.js:346:12)
    at next (/app/node_modules/express-boilerplate/node_modules/express/lib/router/index.js:280:10)
    at arguments.<computed> (/app/node_modules/@opentelemetry/instrumentation-express/build/src/instrumentation.js:206:41)
    at /app/node_modules/express-boilerplate/node_modules/express/lib/router/index.js:646:15
    at next (/app/node_modules/express-boilerplate/node_modules/express/lib/router/index.js:265:14)
[2025-06-03 07:20:16.101 PM] info: Incoming request: POST /api/todos
[2025-06-03 07:20:16.103 PM] error: - POST /api/todos 404 - 1.780 ms - message: Not found
[2025-06-03 07:20:28.600 PM] error: ApiError: Not found
    at notFoundHandler (/app/node_modules/express-boilerplate/app.js:36:8)
    at patched (/app/node_modules/@opentelemetry/instrumentation-express/build/src/instrumentation.js:210:37)
    at Layer.handle [as handle_request] (/app/node_modules/express-boilerplate/node_modules/express/lib/router/layer.js:95:5)
    at trim_prefix (/app/node_modules/express-boilerplate/node_modules/express/lib/router/index.js:328:13)
    at /app/node_modules/express-boilerplate/node_modules/express/lib/router/index.js:286:9
    at Function.process_params (/app/node_modules/express-boilerplate/node_modules/express/lib/router/index.js:346:12)
    at next (/app/node_modules/express-boilerplate/node_modules/express/lib/router/index.js:280:10)
    at arguments.<computed> (/app/node_modules/@opentelemetry/instrumentation-express/build/src/instrumentation.js:206:41)
    at /app/node_modules/express-boilerplate/node_modules/express/lib/router/index.js:646:15
    at next (/app/node_modules/express-boilerplate/node_modules/express/lib/router/index.js:265:14)
[2025-06-03 07:20:28.602 PM] info: Incoming request: GET /api/todos
[2025-06-03 07:20:28.603 PM] error: - GET /api/todos 404 - 0.953 ms - message: Not found
[2025-06-03 07:20:30.167 PM] error: ApiError: Not found
    at notFoundHandler (/app/node_modules/express-boilerplate/app.js:36:8)
    at patched (/app/node_modules/@opentelemetry/instrumentation-express/build/src/instrumentation.js:210:37)
    at Layer.handle [as handle_request] (/app/node_modules/express-boilerplate/node_modules/express/lib/router/layer.js:95:5)
    at trim_prefix (/app/node_modules/express-boilerplate/node_modules/express/lib/router/index.js:328:13)
    at /app/node_modules/express-boilerplate/node_modules/express/lib/router/index.js:286:9
    at Function.process_params (/app/node_modules/express-boilerplate/node_modules/express/lib/router/index.js:346:12)
    at next (/app/node_modules/express-boilerplate/node_modules/express/lib/router/index.js:280:10)
    at arguments.<computed> (/app/node_modules/@opentelemetry/instrumentation-express/build/src/instrumentation.js:206:41)
    at /app/node_modules/express-boilerplate/node_modules/express/lib/router/index.js:646:15
    at next (/app/node_modules/express-boilerplate/node_modules/express/lib/router/index.js:265:14)
[2025-06-03 07:20:30.168 PM] info: Incoming request: GET /api/todos
[2025-06-03 07:20:30.169 PM] error: - GET /api/todos 404 - 0.997 ms - message: Not found
[2025-06-03 07:20:31.973 PM] error: ApiError: Not found
    at notFoundHandler (/app/node_modules/express-boilerplate/app.js:36:8)
    at patched (/app/node_modules/@opentelemetry/instrumentation-express/build/src/instrumentation.js:210:37)
    at Layer.handle [as handle_request] (/app/node_modules/express-boilerplate/node_modules/express/lib/router/layer.js:95:5)
    at trim_prefix (/app/node_modules/express-boilerplate/node_modules/express/lib/router/index.js:328:13)
    at /app/node_modules/express-boilerplate/node_modules/express/lib/router/index.js:286:9
    at Function.process_params (/app/node_modules/express-boilerplate/node_modules/express/lib/router/index.js:346:12)
    at next (/app/node_modules/express-boilerplate/node_modules/express/lib/router/index.js:280:10)
    at arguments.<computed> (/app/node_modules/@opentelemetry/instrumentation-express/build/src/instrumentation.js:206:41)
    at /app/node_modules/express-boilerplate/node_modules/express/lib/router/index.js:646:15
    at next (/app/node_modules/express-boilerplate/node_modules/express/lib/router/index.js:265:14)
[2025-06-03 07:20:31.974 PM] info: Incoming request: GET /api/todos
[2025-06-03 07:20:31.975 PM] error: - GET /api/todos 404 - 0.848 ms - message: Not found
[2025-06-03 07:20:42.927 PM] info: - GET / 200 - 5.653 ms
[2025-06-03 07:21:29.403 PM] info: - POST / 201 - 59.706 ms
[2025-06-03 07:21:33.698 PM] info: - GET / 200 - 3.282 ms
[2025-06-03 07:21:53.944 PM] error: ApiError: Not found
    at notFoundHandler (/app/node_modules/express-boilerplate/app.js:36:8)
    at patched (/app/node_modules/@opentelemetry/instrumentation-express/build/src/instrumentation.js:210:37)
    at Layer.handle [as handle_request] (/app/node_modules/express-boilerplate/node_modules/express/lib/router/layer.js:95:5)
    at trim_prefix (/app/node_modules/express-boilerplate/node_modules/express/lib/router/index.js:328:13)
    at /app/node_modules/express-boilerplate/node_modules/express/lib/router/index.js:286:9
    at Function.process_params (/app/node_modules/express-boilerplate/node_modules/express/lib/router/index.js:346:12)
    at next (/app/node_modules/express-boilerplate/node_modules/express/lib/router/index.js:280:10)
    at arguments.<computed> (/app/node_modules/@opentelemetry/instrumentation-express/build/src/instrumentation.js:206:41)
    at /app/node_modules/express-boilerplate/node_modules/express/lib/router/index.js:646:15
    at next (/app/node_modules/express-boilerplate/node_modules/express/lib/router/index.js:265:14)
[2025-06-03 07:21:53.945 PM] info: Incoming request: PUT /
[2025-06-03 07:21:53.946 PM] error: - PUT / 404 - 1.081 ms - message: Not found
[2025-06-03 07:22:19.177 PM] info: - GET / 200 - 0.881 ms
[2025-06-03 07:22:33.031 PM] info: - GET /683f4b391959f063e1a7c6b3 200 - 3.784 ms
[2025-06-03 07:22:37.059 PM] info: - PUT /683f4b391959f063e1a7c6b3 200 - 9.587 ms
[2025-06-03 07:22:40.833 PM] info: - GET /683f4b391959f063e1a7c6b3 200 - 2.381 ms
[2025-06-03 07:22:47.704 PM] info: - DELETE /683f4b391959f063e1a7c6b3 200 - 4.808 ms
[2025-06-03 07:22:51.964 PM] error: - GET /683f4b391959f063e1a7c6b3 404 - 3.958 ms - message: -
[2025-06-03 07:22:58.559 PM] info: - GET / 200 - 3.945 ms
[2025-06-03 07:23:20.025 PM] info: - GET /683d6645f0723afa366d5100 200 - 2.780 ms
[2025-06-03 07:23:23.754 PM] info: - DELETE /683d6645f0723afa366d5100 200 - 3.921 ms
[2025-06-03 07:23:30.670 PM] info: - GET / 200 - 3.354 ms
[2025-06-03 07:23:56.117 PM] info: - GET / 200 - 0.592 ms
[2025-06-03 07:24:09.177 PM] info: - POST / 201 - 4.455 ms
[2025-06-03 07:24:13.056 PM] info: - GET / 200 - 3.935 ms
[2025-06-03 07:24:23.040 PM] info: - GET / 200 - 0.913 ms
[2025-06-03 07:24:23.056 PM] info: - GET /favicon.ico 204 - 0.348 ms
[2025-06-03 07:26:58.170 PM] info: 🔧 Starting Express To-Do App
[2025-06-03 07:26:58.174 PM] warn: 🔍 Memory usage at startup {"usage":{"rss":132567040,"heapTotal":76468224,"heapUsed":50113400,"external":21289635,"arrayBuffers":18572138}}
[2025-06-03 07:26:58.177 PM] info:  Express application setup complete
[2025-06-03 07:29:33.466 PM] info: 🔧 Starting Express To-Do App
[2025-06-03 07:29:33.469 PM] warn: 🔍 Memory usage at startup {"usage":{"rss":131502080,"heapTotal":76206080,"heapUsed":49771080,"external":21276173,"arrayBuffers":18558676}}
[2025-06-03 07:29:33.472 PM] info:  Express application setup complete
[2025-06-03 07:29:41.855 PM] info: - GET / 200 - 16.435 ms
[2025-06-03 07:29:41.871 PM] info: - GET /favicon.ico 204 - 0.466 ms
[2025-06-03 07:29:44.821 PM] info: - GET / 200 - 1.434 ms
[2025-06-03 07:29:44.838 PM] info: - GET /favicon.ico 204 - 0.320 ms
[2025-06-03 07:29:47.083 PM] error: - GET /metrics 403 - 0.364 ms - message: -
[2025-06-03 07:29:48.257 PM] error: - GET /metrics 403 - 0.214 ms - message: -
[2025-06-03 07:29:48.283 PM] info: - GET /favicon.ico 204 - 0.288 ms
[2025-06-03 07:29:51.862 PM] error: - GET /metrics 403 - 0.179 ms - message: -
[2025-06-03 07:29:51.878 PM] info: - GET /favicon.ico 204 - 0.776 ms
[2025-06-03 07:33:48.158 PM] info: 🔧 Starting Express To-Do App
[2025-06-03 07:33:48.161 PM] warn: 🔍 Memory usage at startup {"usage":{"rss":131407872,"heapTotal":76468224,"heapUsed":49885072,"external":21263676,"arrayBuffers":18546179}}
[2025-06-03 07:33:48.164 PM] info:  Express application setup complete
[2025-06-03 07:33:56.952 PM] error: - GET /metrics 403 - 2.550 ms - message: -
[2025-06-03 07:33:56.970 PM] info: - GET /favicon.ico 204 - 0.532 ms
[2025-06-03 07:33:57.770 PM] error: - GET /metrics 403 - 0.338 ms - message: -
[2025-06-03 07:33:57.795 PM] info: - GET /favicon.ico 204 - 0.418 ms
[2025-06-03 07:34:04.368 PM] info: - GET / 200 - 17.328 ms
[2025-06-03 07:34:04.390 PM] info: - GET /favicon.ico 204 - 0.239 ms
[2025-06-03 07:47:20.451 PM] info: - GET / 304 - 8.435 ms
[2025-06-03 07:47:20.473 PM] info: - GET /favicon.ico 204 - 0.777 ms
